[0m[[0m[0mdebug[0m] [0m[0m> Exec(early(addDefaultCommands), None, None)[0m
[0m[[0m[0mdebug[0m] [0m[0m> Exec(addDefaultCommands, None, None)[0m
[0m[[0m[0mdebug[0m] [0m[0m> Exec(early(initialize), None, None)[0m
[0m[[0m[0mdebug[0m] [0m[0m> Exec(initialize, None, None)[0m
[0m[[0m[0mdebug[0m] [0m[0m> Exec(early(addPluginSbtFile="""/private/var/folders/67/gpwdrxf16h9gr73_68_q5pym0000gn/T/idea.sbt"""), None, None)[0m
[0m[[0m[0mdebug[0m] [0m[0m> Exec(addPluginSbtFile="""/private/var/folders/67/gpwdrxf16h9gr73_68_q5pym0000gn/T/idea.sbt""", None, None)[0m
[0m[[0m[0mdebug[0m] [0m[0m> Exec(boot, None, None)[0m
[0m[[0m[0mdebug[0m] [0m[0m> Exec(writeSbtVersion, None, None)[0m
[0m[[0m[0mdebug[0m] [0m[0m> Exec(reload, None, None)[0m
[0m[[0m[0mdebug[0m] [0m[0m> Exec(sbtStashOnFailure, None, None)[0m
[0m[[0m[0mdebug[0m] [0m[0m> Exec(onFailure loadFailed, None, None)[0m
[0m[[0m[0mdebug[0m] [0m[0m> Exec(loadp, None, None)[0m
[0m[[0m[0minfo[0m] [0m[0mwelcome to sbt 1.4.3 (AdoptOpenJDK Java 1.8.0_282)[0m
[0m[[0m[0mdebug[0m] [0m[0m      Load.loadUnit: plugins took 348.776709ms[0m
[0m[[0m[0mdebug[0m] [0m[0m      Load.loadUnit: defsScala took 0.770875ms[0m
[0m[[0m[0mdebug[0m] [0m[0m[Loading] Scanning directory /Users/maximeperez/.sbt/1.0/plugins[0m
[0m[[0m[0mdebug[0m] [0m[0m[Loading] Found non-root projects [0m
[0m[[0m[0mdebug[0m] [0m[0m[Loading] Done in /Users/maximeperez/.sbt/1.0/plugins, returning: ()[0m
[0m[[0m[0mdebug[0m] [0m[0mdeducing auto plugins based on known facts Set(Atom(sbt.plugins.CorePlugin)) and clauses Clauses(List(Clause(Atom(sbt.plugins.JvmPlugin),Set(Atom(sbt.plugins.IvyPlugin))), Clause(Atom(sbt.ScriptedPlugin),Set(Atom(sbt.plugins.JvmPlugin))), Clause(Atom(sbt.plugins.SbtPlugin),Set(Atom(sbt.ScriptedPlugin))), Clause(Atom(sbt.plugins.SemanticdbPlugin),Set(Atom(sbt.plugins.JvmPlugin))), Clause(Atom(sbt.plugins.JUnitXmlReportPlugin),Set(Atom(sbt.plugins.JvmPlugin))), Clause(Atom(sbt.plugins.MiniDependencyTreePlugin),Set(Atom(sbt.plugins.JvmPlugin))), Clause(Atom(sbt.plugins.CorePlugin),Set(Atom(sbt.plugins.IvyPlugin))), Clause(Atom(sbt.plugins.IvyPlugin),Set(Atom(sbt.plugins.JvmPlugin))), Clause(Atom(sbt.plugins.JvmPlugin),Set(Atom(sbt.plugins.SemanticdbPlugin))), Clause(Atom(sbt.plugins.JvmPlugin),Set(Atom(sbt.plugins.JUnitXmlReportPlugin))), Clause(Atom(sbt.plugins.CorePlugin),Set(Atom(sbt.plugins.Giter8TemplatePlugin))), Clause(Atom(sbt.plugins.JvmPlugin),Set(Atom(sbt.plugins.MiniDependencyTreePlugin)))))[0m
[0m[[0m[0mdebug[0m] [0m[0m  :: deduced result: Matched(sbt.plugins.CorePlugin,sbt.plugins.Giter8TemplatePlugin,sbt.plugins.IvyPlugin,sbt.plugins.JvmPlugin,sbt.plugins.MiniDependencyTreePlugin,sbt.plugins.JUnitXmlReportPlugin,sbt.plugins.SemanticdbPlugin)[0m
[0m[[0m[0mdebug[0m] [0m[0mPlugins.deducer#function took 29.728416 ms[0m
[0m[[0m[0mdebug[0m] [0m[0m          Load.resolveProject(global-plugins) took 45.5285ms[0m
[0m[[0m[0mdebug[0m] [0m[0m        Load.loadTransitive: finalizeProject(Project(id global-plugins, base: /Users/maximeperez/.sbt/1.0/plugins, plugins: List(<none>))) took 101.0285ms[0m
[0m[[0m[0mdebug[0m] [0m[0m[Loading] Done in /Users/maximeperez/.sbt/1.0/plugins, returning: (global-plugins)[0m
[0m[[0m[0mdebug[0m] [0m[0m      Load.loadUnit: loadedProjectsRaw took 122.11325ms[0m
[0m[[0m[0mdebug[0m] [0m[0m      Load.loadUnit: cleanEvalClasses took 0.3335ms[0m
[0m[[0m[0mdebug[0m] [0m[0m    Load.loadUnit(file:/Users/maximeperez/.sbt/1.0/plugins/, ...) took 492.666125ms[0m
[0m[[0m[0mdebug[0m] [0m[0m  Load.apply: load took 781.450542ms[0m
[0m[[0m[0mdebug[0m] [0m[0m  Load.apply: resolveProjects took 15.764792ms[0m
[0m[[0m[0mdebug[0m] [0m[0m  Load.apply: finalTransforms took 135.251125ms[0m
[0m[[0m[0mdebug[0m] [0m[0m  Load.apply: config.delegates took 7.63775ms[0m
[0m[[0m[0mdebug[0m] [0m[0m  Load.apply: Def.make(settings)... took 1175.450667ms[0m
[0m[[0m[0mdebug[0m] [0m[0m  Load.apply: structureIndex took 439.108542ms[0m
[0m[[0m[0mdebug[0m] [0m[0m  Load.apply: mkStreams took 4.667209ms[0m
[0m[[0m[0minfo[0m] [0m[0mloading global plugins from /Users/maximeperez/.sbt/1.0/plugins[0m
[0m[[0m[0mdebug[0m] [0m[0mRunning task... Cancel: Signal, check cycles: false, forcegc: true[0m
[0m[[0m[0mdebug[0m] [0m[0mLoad.defaultLoad until apply took 11525.628708ms[0m
[0m[[0m[0mdebug[0m] [0m[0m          Load.loadUnit: plugins took 32.124292ms[0m
[0m[[0m[0mdebug[0m] [0m[0m          Load.loadUnit: defsScala took 0.002167ms[0m
[0m[[0m[0mdebug[0m] [0m[0m[Loading] Scanning directory /Users/maximeperez/Documents/ESGI/4IABD/Spark/Spark-streaming/project[0m
[0m[[0m[0mdebug[0m] [0m[0m            Load.loadUnit: mkEval took 250.637417ms[0m
[0m[[0m[0mdebug[0m] [0m[0m[Loading] Found non-root projects [0m
[0m[[0m[0mdebug[0m] [0m[0m[Loading] Done in /Users/maximeperez/Documents/ESGI/4IABD/Spark/Spark-streaming/project, returning: ()[0m
[0m[[0m[0mdebug[0m] [0m[0mdeducing auto plugins based on known facts Set(Atom(sbt.plugins.CorePlugin)) and clauses Clauses(List(Clause(Atom(sbt.plugins.JvmPlugin),Set(Atom(sbt.plugins.IvyPlugin))), Clause(Atom(sbt.ScriptedPlugin),Set(Atom(sbt.plugins.JvmPlugin))), Clause(Atom(sbt.plugins.SbtPlugin),Set(Atom(sbt.ScriptedPlugin))), Clause(Atom(sbt.plugins.SemanticdbPlugin),Set(Atom(sbt.plugins.JvmPlugin))), Clause(Atom(sbt.plugins.JUnitXmlReportPlugin),Set(Atom(sbt.plugins.JvmPlugin))), Clause(Atom(sbt.plugins.MiniDependencyTreePlugin),Set(Atom(sbt.plugins.JvmPlugin))), Clause(Atom(sbt.plugins.CorePlugin),Set(Atom(sbt.plugins.IvyPlugin))), Clause(Atom(sbt.plugins.IvyPlugin),Set(Atom(sbt.plugins.JvmPlugin))), Clause(Atom(sbt.plugins.JvmPlugin),Set(Atom(sbt.plugins.SemanticdbPlugin))), Clause(Atom(sbt.plugins.JvmPlugin),Set(Atom(sbt.plugins.JUnitXmlReportPlugin))), Clause(Atom(sbt.plugins.CorePlugin),Set(Atom(sbt.plugins.Giter8TemplatePlugin))), Clause(Atom(sbt.plugins.JvmPlugin),Set(Atom(sbt.plugins.MiniDependencyTreePlugin)))))[0m
[0m[[0m[0mdebug[0m] [0m[0m  :: deduced result: Matched(sbt.plugins.CorePlugin,sbt.plugins.Giter8TemplatePlugin,sbt.plugins.IvyPlugin,sbt.plugins.JvmPlugin,sbt.plugins.MiniDependencyTreePlugin,sbt.plugins.JUnitXmlReportPlugin,sbt.plugins.SemanticdbPlugin)[0m
[0m[[0m[0mdebug[0m] [0m[0mPlugins.deducer#function took 9.788458 ms[0m
[0m[[0m[0minfo[0m] [0m[0mloading settings for project spark-streaming-build from idea.sbt ...[0m
[0m[[0m[0mdebug[0m] [0m[0m              Load.resolveProject(spark-streaming-build) took 10.035459ms[0m
[0m[[0m[0mdebug[0m] [0m[0m            Load.loadTransitive: finalizeProject(Project(id spark-streaming-build, base: /Users/maximeperez/Documents/ESGI/4IABD/Spark/Spark-streaming/project, plugins: List(<none>))) took 21.862584ms[0m
[0m[[0m[0mdebug[0m] [0m[0m[Loading] Done in /Users/maximeperez/Documents/ESGI/4IABD/Spark/Spark-streaming/project, returning: (spark-streaming-build)[0m
[0m[[0m[0mdebug[0m] [0m[0m          Load.loadUnit: loadedProjectsRaw took 5192.768375ms[0m
[0m[[0m[0mdebug[0m] [0m[0m          Load.loadUnit: cleanEvalClasses took 3.61425ms[0m
[0m[[0m[0mdebug[0m] [0m[0m        Load.loadUnit(file:/Users/maximeperez/Documents/ESGI/4IABD/Spark/Spark-streaming/project/, ...) took 5230.399208ms[0m
[0m[[0m[0mdebug[0m] [0m[0m      Load.apply: load took 5234.544416ms[0m
[0m[[0m[0mdebug[0m] [0m[0m      Load.apply: resolveProjects took 0.555584ms[0m
[0m[[0m[0mdebug[0m] [0m[0m      Load.apply: finalTransforms took 29.960458ms[0m
[0m[[0m[0mdebug[0m] [0m[0m      Load.apply: config.delegates took 1.887833ms[0m
[0m[[0m[0mdebug[0m] [0m[0m      Load.apply: Def.make(settings)... took 427.039833ms[0m
[0m[[0m[0mdebug[0m] [0m[0m      Load.apply: structureIndex took 56.265833ms[0m
[0m[[0m[0mdebug[0m] [0m[0m      Load.apply: mkStreams took 0.002375ms[0m
[0m[[0m[0minfo[0m] [0m[0mloading project definition from /Users/maximeperez/Documents/ESGI/4IABD/Spark/Spark-streaming/project[0m
[0m[[0m[0mdebug[0m] [0m[0mRunning task... Cancel: Signal, check cycles: false, forcegc: true[0m
[0m[[0m[33mwarn[0m] [0m[0m[0m
[0m[[0m[33mwarn[0m] [0m[0m	Note: Some unresolved dependencies have extra attributes.  Check that these dependencies exist with the requested attributes.[0m
[0m[[0m[33mwarn[0m] [0m[0m		org.jetbrains:sbt-structure-extractor:2020.3 (sbtVersion=1.0, scalaVersion=2.12)[0m
[0m[[0m[33mwarn[0m] [0m[0m		org.jetbrains:sbt-idea-shell:2018.3 (sbtVersion=1.0, scalaVersion=2.12)[0m
[0m[[0m[33mwarn[0m] [0m[0m		org.jetbrains.scala:sbt-idea-compiler-indices:1.0.8 (sbtVersion=1.0, scalaVersion=2.12)[0m
[0m[[0m[33mwarn[0m] [0m[0m[0m
[0m[[0m[33mwarn[0m] [0m[0m	Note: Unresolved dependencies path:[0m
[0m[[0m[31merror[0m] [0m[0msbt.librarymanagement.ResolveException: Error downloading org.jetbrains:sbt-structure-extractor;sbtVersion=1.0;scalaVersion=2.12:2020.3[0m
[0m[[0m[31merror[0m] [0m[0m  Not found[0m
[0m[[0m[31merror[0m] [0m[0m  Not found[0m
[0m[[0m[31merror[0m] [0m[0m  not found: https://repo1.maven.org/maven2/org/jetbrains/sbt-structure-extractor_2.12_1.0/2020.3/sbt-structure-extractor-2020.3.pom[0m
[0m[[0m[31merror[0m] [0m[0m  not found: /Users/maximeperez/.ivy2/local/org.jetbrains/sbt-structure-extractor/scala_2.12/sbt_1.0/2020.3/ivys/ivy.xml[0m
[0m[[0m[31merror[0m] [0m[0m  not found: /Users/maximeperez/Library/Application%20Support/JetBrains/IntelliJIdea2021.1/plugins/Scala/repo/org.jetbrains/sbt-structure-extractor/scala_2.12/sbt_1.0/2020.3/ivys/ivy.xml[0m
[0m[[0m[31merror[0m] [0m[0m  download error: Caught java.io.IOException: Server returned HTTP response code: 504 for URL: https://repo.scala-sbt.org/scalasbt/sbt-plugin-releases/org.jetbrains/sbt-structure-extractor/scala_2.12/sbt_1.0/2020.3/ivys/ivy.xml (Server returned HTTP response code: 504 for URL: https://repo.scala-sbt.org/scalasbt/sbt-plugin-releases/org.jetbrains/sbt-structure-extractor/scala_2.12/sbt_1.0/2020.3/ivys/ivy.xml) while downloading https://repo.scala-sbt.org/scalasbt/sbt-plugin-releases/org.jetbrains/sbt-structure-extractor/scala_2.12/sbt_1.0/2020.3/ivys/ivy.xml[0m
[0m[[0m[31merror[0m] [0m[0m  download error: Caught java.io.IOException: Server returned HTTP response code: 403 for URL: https://dl.bintray.com/typesafe/ivy-releases/org.jetbrains/sbt-structure-extractor/scala_2.12/sbt_1.0/2020.3/ivys/ivy.xml (Server returned HTTP response code: 403 for URL: https://dl.bintray.com/typesafe/ivy-releases/org.jetbrains/sbt-structure-extractor/scala_2.12/sbt_1.0/2020.3/ivys/ivy.xml) while downloading https://repo.typesafe.com/typesafe/ivy-releases/org.jetbrains/sbt-structure-extractor/scala_2.12/sbt_1.0/2020.3/ivys/ivy.xml[0m
[0m[[0m[31merror[0m] [0m[0mError downloading org.jetbrains:sbt-idea-shell;sbtVersion=1.0;scalaVersion=2.12:2018.3[0m
[0m[[0m[31merror[0m] [0m[0m  Not found[0m
[0m[[0m[31merror[0m] [0m[0m  Not found[0m
[0m[[0m[31merror[0m] [0m[0m  not found: https://repo1.maven.org/maven2/org/jetbrains/sbt-idea-shell_2.12_1.0/2018.3/sbt-idea-shell-2018.3.pom[0m
[0m[[0m[31merror[0m] [0m[0m  not found: /Users/maximeperez/.ivy2/local/org.jetbrains/sbt-idea-shell/scala_2.12/sbt_1.0/2018.3/ivys/ivy.xml[0m
[0m[[0m[31merror[0m] [0m[0m  not found: /Users/maximeperez/Library/Application%20Support/JetBrains/IntelliJIdea2021.1/plugins/Scala/repo/org.jetbrains/sbt-idea-shell/scala_2.12/sbt_1.0/2018.3/ivys/ivy.xml[0m
[0m[[0m[31merror[0m] [0m[0m  download error: Caught java.io.IOException: Server returned HTTP response code: 403 for URL: https://dl.bintray.com/sbt/sbt-plugin-releases/org.jetbrains/sbt-idea-shell/scala_2.12/sbt_1.0/2018.3/ivys/ivy.xml (Server returned HTTP response code: 403 for URL: https://dl.bintray.com/sbt/sbt-plugin-releases/org.jetbrains/sbt-idea-shell/scala_2.12/sbt_1.0/2018.3/ivys/ivy.xml) while downloading https://repo.scala-sbt.org/scalasbt/sbt-plugin-releases/org.jetbrains/sbt-idea-shell/scala_2.12/sbt_1.0/2018.3/ivys/ivy.xml[0m
[0m[[0m[31merror[0m] [0m[0m  download error: Caught java.io.IOException: Server returned HTTP response code: 403 for URL: https://dl.bintray.com/typesafe/ivy-releases/org.jetbrains/sbt-idea-shell/scala_2.12/sbt_1.0/2018.3/ivys/ivy.xml (Server returned HTTP response code: 403 for URL: https://dl.bintray.com/typesafe/ivy-releases/org.jetbrains/sbt-idea-shell/scala_2.12/sbt_1.0/2018.3/ivys/ivy.xml) while downloading https://repo.typesafe.com/typesafe/ivy-releases/org.jetbrains/sbt-idea-shell/scala_2.12/sbt_1.0/2018.3/ivys/ivy.xml[0m
[0m[[0m[31merror[0m] [0m[0mError downloading org.jetbrains.scala:sbt-idea-compiler-indices;sbtVersion=1.0;scalaVersion=2.12:1.0.8[0m
[0m[[0m[31merror[0m] [0m[0m  Not found[0m
[0m[[0m[31merror[0m] [0m[0m  Not found[0m
[0m[[0m[31merror[0m] [0m[0m  not found: https://repo1.maven.org/maven2/org/jetbrains/scala/sbt-idea-compiler-indices_2.12_1.0/1.0.8/sbt-idea-compiler-indices-1.0.8.pom[0m
[0m[[0m[31merror[0m] [0m[0m  not found: /Users/maximeperez/.ivy2/local/org.jetbrains.scala/sbt-idea-compiler-indices/scala_2.12/sbt_1.0/1.0.8/ivys/ivy.xml[0m
[0m[[0m[31merror[0m] [0m[0m  not found: /Users/maximeperez/Library/Application%20Support/JetBrains/IntelliJIdea2021.1/plugins/Scala/repo/org.jetbrains.scala/sbt-idea-compiler-indices/scala_2.12/sbt_1.0/1.0.8/ivys/ivy.xml[0m
[0m[[0m[31merror[0m] [0m[0m  download error: Caught java.io.IOException: Server returned HTTP response code: 504 for URL: https://repo.scala-sbt.org/scalasbt/sbt-plugin-releases/org.jetbrains.scala/sbt-idea-compiler-indices/scala_2.12/sbt_1.0/1.0.8/ivys/ivy.xml (Server returned HTTP response code: 504 for URL: https://repo.scala-sbt.org/scalasbt/sbt-plugin-releases/org.jetbrains.scala/sbt-idea-compiler-indices/scala_2.12/sbt_1.0/1.0.8/ivys/ivy.xml) while downloading https://repo.scala-sbt.org/scalasbt/sbt-plugin-releases/org.jetbrains.scala/sbt-idea-compiler-indices/scala_2.12/sbt_1.0/1.0.8/ivys/ivy.xml[0m
[0m[[0m[31merror[0m] [0m[0m  download error: Caught java.io.IOException: Server returned HTTP response code: 403 for URL: https://dl.bintray.com/typesafe/ivy-releases/org.jetbrains.scala/sbt-idea-compiler-indices/scala_2.12/sbt_1.0/1.0.8/ivys/ivy.xml (Server returned HTTP response code: 403 for URL: https://dl.bintray.com/typesafe/ivy-releases/org.jetbrains.scala/sbt-idea-compiler-indices/scala_2.12/sbt_1.0/1.0.8/ivys/ivy.xml) while downloading https://repo.typesafe.com/typesafe/ivy-releases/org.jetbrains.scala/sbt-idea-compiler-indices/scala_2.12/sbt_1.0/1.0.8/ivys/ivy.xml[0m
[0m[[0m[31merror[0m] [0m[0m	at lmcoursier.CoursierDependencyResolution.unresolvedWarningOrThrow(CoursierDependencyResolution.scala:258)[0m
[0m[[0m[31merror[0m] [0m[0m	at lmcoursier.CoursierDependencyResolution.$anonfun$update$38(CoursierDependencyResolution.scala:227)[0m
[0m[[0m[31merror[0m] [0m[0m	at scala.util.Either$LeftProjection.map(Either.scala:573)[0m
[0m[[0m[31merror[0m] [0m[0m	at lmcoursier.CoursierDependencyResolution.update(CoursierDependencyResolution.scala:227)[0m
[0m[[0m[31merror[0m] [0m[0m	at sbt.librarymanagement.DependencyResolution.update(DependencyResolution.scala:60)[0m
[0m[[0m[31merror[0m] [0m[0m	at sbt.internal.LibraryManagement$.resolve$1(LibraryManagement.scala:53)[0m
[0m[[0m[31merror[0m] [0m[0m	at sbt.internal.LibraryManagement$.$anonfun$cachedUpdate$12(LibraryManagement.scala:103)[0m
[0m[[0m[31merror[0m] [0m[0m	at sbt.util.Tracked$.$anonfun$lastOutput$1(Tracked.scala:73)[0m
[0m[[0m[31merror[0m] [0m[0m	at sbt.internal.LibraryManagement$.$anonfun$cachedUpdate$20(LibraryManagement.scala:116)[0m
[0m[[0m[31merror[0m] [0m[0m	at scala.util.control.Exception$Catch.apply(Exception.scala:228)[0m
[0m[[0m[31merror[0m] [0m[0m	at sbt.internal.LibraryManagement$.$anonfun$cachedUpdate$11(LibraryManagement.scala:116)[0m
[0m[[0m[31merror[0m] [0m[0m	at sbt.internal.LibraryManagement$.$anonfun$cachedUpdate$11$adapted(LibraryManagement.scala:97)[0m
[0m[[0m[31merror[0m] [0m[0m	at sbt.util.Tracked$.$anonfun$inputChangedW$1(Tracked.scala:219)[0m
[0m[[0m[31merror[0m] [0m[0m	at sbt.internal.LibraryManagement$.cachedUpdate(LibraryManagement.scala:130)[0m
[0m[[0m[31merror[0m] [0m[0m	at sbt.Classpaths$.$anonfun$updateTask0$5(Defaults.scala:3484)[0m
[0m[[0m[31merror[0m] [0m[0m	at scala.Function1.$anonfun$compose$1(Function1.scala:49)[0m
[0m[[0m[31merror[0m] [0m[0m	at sbt.internal.util.$tilde$greater.$anonfun$$u2219$1(TypeFunctions.scala:62)[0m
[0m[[0m[31merror[0m] [0m[0m	at sbt.std.Transform$$anon$4.work(Transform.scala:68)[0m
[0m[[0m[31merror[0m] [0m[0m	at sbt.Execute.$anonfun$submit$2(Execute.scala:282)[0m
[0m[[0m[31merror[0m] [0m[0m	at sbt.internal.util.ErrorHandling$.wideConvert(ErrorHandling.scala:23)[0m
[0m[[0m[31merror[0m] [0m[0m	at sbt.Execute.work(Execute.scala:291)[0m
[0m[[0m[31merror[0m] [0m[0m	at sbt.Execute.$anonfun$submit$1(Execute.scala:282)[0m
[0m[[0m[31merror[0m] [0m[0m	at sbt.ConcurrentRestrictions$$anon$4.$anonfun$submitValid$1(ConcurrentRestrictions.scala:265)[0m
[0m[[0m[31merror[0m] [0m[0m	at sbt.CompletionService$$anon$2.call(CompletionService.scala:64)[0m
[0m[[0m[31merror[0m] [0m[0m	at java.util.concurrent.FutureTask.run(FutureTask.java:266)[0m
[0m[[0m[31merror[0m] [0m[0m	at java.util.concurrent.Executors$RunnableAdapter.call(Executors.java:511)[0m
[0m[[0m[31merror[0m] [0m[0m	at java.util.concurrent.FutureTask.run(FutureTask.java:266)[0m
[0m[[0m[31merror[0m] [0m[0m	at java.util.concurrent.ThreadPoolExecutor.runWorker(ThreadPoolExecutor.java:1149)[0m
[0m[[0m[31merror[0m] [0m[0m	at java.util.concurrent.ThreadPoolExecutor$Worker.run(ThreadPoolExecutor.java:624)[0m
[0m[[0m[31merror[0m] [0m[0m	at java.lang.Thread.run(Thread.java:748)[0m
[0m[[0m[31merror[0m] [0m[0m([31mupdate[0m) sbt.librarymanagement.ResolveException: Error downloading org.jetbrains:sbt-structure-extractor;sbtVersion=1.0;scalaVersion=2.12:2020.3[0m
[0m[[0m[31merror[0m] [0m[0m  Not found[0m
[0m[[0m[31merror[0m] [0m[0m  Not found[0m
[0m[[0m[31merror[0m] [0m[0m  not found: https://repo1.maven.org/maven2/org/jetbrains/sbt-structure-extractor_2.12_1.0/2020.3/sbt-structure-extractor-2020.3.pom[0m
[0m[[0m[31merror[0m] [0m[0m  not found: /Users/maximeperez/.ivy2/local/org.jetbrains/sbt-structure-extractor/scala_2.12/sbt_1.0/2020.3/ivys/ivy.xml[0m
[0m[[0m[31merror[0m] [0m[0m  not found: /Users/maximeperez/Library/Application%20Support/JetBrains/IntelliJIdea2021.1/plugins/Scala/repo/org.jetbrains/sbt-structure-extractor/scala_2.12/sbt_1.0/2020.3/ivys/ivy.xml[0m
[0m[[0m[31merror[0m] [0m[0m  download error: Caught java.io.IOException: Server returned HTTP response code: 504 for URL: https://repo.scala-sbt.org/scalasbt/sbt-plugin-releases/org.jetbrains/sbt-structure-extractor/scala_2.12/sbt_1.0/2020.3/ivys/ivy.xml (Server returned HTTP response code: 504 for URL: https://repo.scala-sbt.org/scalasbt/sbt-plugin-releases/org.jetbrains/sbt-structure-extractor/scala_2.12/sbt_1.0/2020.3/ivys/ivy.xml) while downloading https://repo.scala-sbt.org/scalasbt/sbt-plugin-releases/org.jetbrains/sbt-structure-extractor/scala_2.12/sbt_1.0/2020.3/ivys/ivy.xml[0m
[0m[[0m[31merror[0m] [0m[0m  download error: Caught java.io.IOException: Server returned HTTP response code: 403 for URL: https://dl.bintray.com/typesafe/ivy-releases/org.jetbrains/sbt-structure-extractor/scala_2.12/sbt_1.0/2020.3/ivys/ivy.xml (Server returned HTTP response code: 403 for URL: https://dl.bintray.com/typesafe/ivy-releases/org.jetbrains/sbt-structure-extractor/scala_2.12/sbt_1.0/2020.3/ivys/ivy.xml) while downloading https://repo.typesafe.com/typesafe/ivy-releases/org.jetbrains/sbt-structure-extractor/scala_2.12/sbt_1.0/2020.3/ivys/ivy.xml[0m
[0m[[0m[31merror[0m] [0m[0mError downloading org.jetbrains:sbt-idea-shell;sbtVersion=1.0;scalaVersion=2.12:2018.3[0m
[0m[[0m[31merror[0m] [0m[0m  Not found[0m
[0m[[0m[31merror[0m] [0m[0m  Not found[0m
[0m[[0m[31merror[0m] [0m[0m  not found: https://repo1.maven.org/maven2/org/jetbrains/sbt-idea-shell_2.12_1.0/2018.3/sbt-idea-shell-2018.3.pom[0m
[0m[[0m[31merror[0m] [0m[0m  not found: /Users/maximeperez/.ivy2/local/org.jetbrains/sbt-idea-shell/scala_2.12/sbt_1.0/2018.3/ivys/ivy.xml[0m
[0m[[0m[31merror[0m] [0m[0m  not found: /Users/maximeperez/Library/Application%20Support/JetBrains/IntelliJIdea2021.1/plugins/Scala/repo/org.jetbrains/sbt-idea-shell/scala_2.12/sbt_1.0/2018.3/ivys/ivy.xml[0m
[0m[[0m[31merror[0m] [0m[0m  download error: Caught java.io.IOException: Server returned HTTP response code: 403 for URL: https://dl.bintray.com/sbt/sbt-plugin-releases/org.jetbrains/sbt-idea-shell/scala_2.12/sbt_1.0/2018.3/ivys/ivy.xml (Server returned HTTP response code: 403 for URL: https://dl.bintray.com/sbt/sbt-plugin-releases/org.jetbrains/sbt-idea-shell/scala_2.12/sbt_1.0/2018.3/ivys/ivy.xml) while downloading https://repo.scala-sbt.org/scalasbt/sbt-plugin-releases/org.jetbrains/sbt-idea-shell/scala_2.12/sbt_1.0/2018.3/ivys/ivy.xml[0m
[0m[[0m[31merror[0m] [0m[0m  download error: Caught java.io.IOException: Server returned HTTP response code: 403 for URL: https://dl.bintray.com/typesafe/ivy-releases/org.jetbrains/sbt-idea-shell/scala_2.12/sbt_1.0/2018.3/ivys/ivy.xml (Server returned HTTP response code: 403 for URL: https://dl.bintray.com/typesafe/ivy-releases/org.jetbrains/sbt-idea-shell/scala_2.12/sbt_1.0/2018.3/ivys/ivy.xml) while downloading https://repo.typesafe.com/typesafe/ivy-releases/org.jetbrains/sbt-idea-shell/scala_2.12/sbt_1.0/2018.3/ivys/ivy.xml[0m
[0m[[0m[31merror[0m] [0m[0mError downloading org.jetbrains.scala:sbt-idea-compiler-indices;sbtVersion=1.0;scalaVersion=2.12:1.0.8[0m
[0m[[0m[31merror[0m] [0m[0m  Not found[0m
[0m[[0m[31merror[0m] [0m[0m  Not found[0m
[0m[[0m[31merror[0m] [0m[0m  not found: https://repo1.maven.org/maven2/org/jetbrains/scala/sbt-idea-compiler-indices_2.12_1.0/1.0.8/sbt-idea-compiler-indices-1.0.8.pom[0m
[0m[[0m[31merror[0m] [0m[0m  not found: /Users/maximeperez/.ivy2/local/org.jetbrains.scala/sbt-idea-compiler-indices/scala_2.12/sbt_1.0/1.0.8/ivys/ivy.xml[0m
[0m[[0m[31merror[0m] [0m[0m  not found: /Users/maximeperez/Library/Application%20Support/JetBrains/IntelliJIdea2021.1/plugins/Scala/repo/org.jetbrains.scala/sbt-idea-compiler-indices/scala_2.12/sbt_1.0/1.0.8/ivys/ivy.xml[0m
[0m[[0m[31merror[0m] [0m[0m  download error: Caught java.io.IOException: Server returned HTTP response code: 504 for URL: https://repo.scala-sbt.org/scalasbt/sbt-plugin-releases/org.jetbrains.scala/sbt-idea-compiler-indices/scala_2.12/sbt_1.0/1.0.8/ivys/ivy.xml (Server returned HTTP response code: 504 for URL: https://repo.scala-sbt.org/scalasbt/sbt-plugin-releases/org.jetbrains.scala/sbt-idea-compiler-indices/scala_2.12/sbt_1.0/1.0.8/ivys/ivy.xml) while downloading https://repo.scala-sbt.org/scalasbt/sbt-plugin-releases/org.jetbrains.scala/sbt-idea-compiler-indices/scala_2.12/sbt_1.0/1.0.8/ivys/ivy.xml[0m
[0m[[0m[31merror[0m] [0m[0m  download error: Caught java.io.IOException: Server returned HTTP response code: 403 for URL: https://dl.bintray.com/typesafe/ivy-releases/org.jetbrains.scala/sbt-idea-compiler-indices/scala_2.12/sbt_1.0/1.0.8/ivys/ivy.xml (Server returned HTTP response code: 403 for URL: https://dl.bintray.com/typesafe/ivy-releases/org.jetbrains.scala/sbt-idea-compiler-indices/scala_2.12/sbt_1.0/1.0.8/ivys/ivy.xml) while downloading https://repo.typesafe.com/typesafe/ivy-releases/org.jetbrains.scala/sbt-idea-compiler-indices/scala_2.12/sbt_1.0/1.0.8/ivys/ivy.xml[0m
[0m[[0m[0mdebug[0m] [0m[0m> Exec(loadFailed, None, None)[0m
[0m[[0m[33mwarn[0m] [0m[0mProject loading failed: (r)etry, (q)uit, (l)ast, or (i)gnore? (default: r)[0m
